<?xml version="1.0" encoding="UTF-8"?>
<testng-results skipped="0" failed="0" total="1" passed="1">
  <reporter-output>
  </reporter-output>
  <suite name="Default suite" duration-ms="3616" started-at="2020-11-02T19:05:34Z" finished-at="2020-11-02T19:05:38Z">
    <groups>
    </groups>
    <test name="Default test" duration-ms="3616" started-at="2020-11-02T19:05:34Z" finished-at="2020-11-02T19:05:38Z">
      <class name="Jenkins_Practice.Jenkins_Practice.jenkin">
        <test-method status="PASS" signature="start_browser()[pri:0, instance:Jenkins_Practice.Jenkins_Practice.jenkin@dfd3711]" name="start_browser" is-config="true" duration-ms="10794" started-at="2020-11-03T00:35:23Z" finished-at="2020-11-03T00:35:34Z">
          <reporter-output>
          </reporter-output>
        </test-method> <!-- start_browser -->
        <test-method status="PASS" signature="Login()[pri:0, instance:Jenkins_Practice.Jenkins_Practice.jenkin@dfd3711]" name="Login" duration-ms="3598" started-at="2020-11-03T00:35:34Z" finished-at="2020-11-03T00:35:38Z">
          <reporter-output>
          </reporter-output>
        </test-method> <!-- Login -->
        <test-method status="PASS" signature="close_browser()[pri:0, instance:Jenkins_Practice.Jenkins_Practice.jenkin@dfd3711]" name="close_browser" is-config="true" duration-ms="6288" started-at="2020-11-03T00:35:38Z" finished-at="2020-11-03T00:35:44Z">
          <reporter-output>
          </reporter-output>
        </test-method> <!-- close_browser -->
      </class> <!-- Jenkins_Practice.Jenkins_Practice.jenkin -->
    </test> <!-- Default test -->
  </suite> <!-- Default suite -->
</testng-results>
